[1.768s] DEBUG:colcon:Command line arguments: ['/usr/bin/colcon', 'build']
[1.768s] DEBUG:colcon:Parsed command line arguments: Namespace(log_base=None, log_level=None, verb_name='build', build_base='build', install_base='install', merge_install=False, symlink_install=False, test_result_base=None, continue_on_error=False, executor='parallel', parallel_workers=16, event_handlers=None, ignore_user_meta=False, metas=['./colcon.meta'], base_paths=['.'], packages_ignore=None, packages_ignore_regex=None, paths=None, packages_up_to=None, packages_up_to_regex=None, packages_above=None, packages_above_and_dependencies=None, packages_above_depth=None, packages_select_by_dep=None, packages_skip_by_dep=None, packages_skip_up_to=None, packages_select_build_failed=False, packages_skip_build_finished=False, packages_select_test_failures=False, packages_skip_test_passed=False, packages_select=None, packages_skip=None, packages_select_regex=None, packages_skip_regex=None, packages_start=None, packages_end=None, allow_overriding=[], cmake_args=None, cmake_target=None, cmake_target_skip_unavailable=False, cmake_clean_cache=False, cmake_clean_first=False, cmake_force_configure=False, ament_cmake_args=None, catkin_cmake_args=None, catkin_skip_building_tests=False, verb_parser=<colcon_defaults.argument_parser.defaults.DefaultArgumentsDecorator object at 0x7f6365fc9c60>, verb_extension=<colcon_core.verb.build.BuildVerb object at 0x7f636622fdc0>, main=<bound method BuildVerb.main of <colcon_core.verb.build.BuildVerb object at 0x7f636622fdc0>>)
[1.876s] Level 1:colcon.colcon_core.package_discovery:discover_packages(colcon_meta) check parameters
[1.876s] Level 1:colcon.colcon_core.package_discovery:discover_packages(recursive) check parameters
[1.877s] Level 1:colcon.colcon_core.package_discovery:discover_packages(ignore) check parameters
[1.877s] Level 1:colcon.colcon_core.package_discovery:discover_packages(path) check parameters
[1.877s] Level 1:colcon.colcon_core.package_discovery:discover_packages(colcon_meta) discover
[1.877s] Level 1:colcon.colcon_core.package_discovery:discover_packages(recursive) discover
[1.878s] INFO:colcon.colcon_core.package_discovery:Crawling recursively for packages in '/uolstore/home/users/sc21ek2/ros2_ws/src/ros2_project_sc21ek2'
[1.879s] Level 1:colcon.colcon_core.package_identification:_identify(.) by extensions ['ignore', 'ignore_ament_install']
[1.879s] Level 1:colcon.colcon_core.package_identification:_identify(.) by extension 'ignore'
[1.880s] Level 1:colcon.colcon_core.package_identification:_identify(.) by extension 'ignore_ament_install'
[1.880s] Level 1:colcon.colcon_core.package_identification:_identify(.) by extensions ['colcon_pkg']
[1.880s] Level 1:colcon.colcon_core.package_identification:_identify(.) by extension 'colcon_pkg'
[1.880s] Level 1:colcon.colcon_core.package_identification:_identify(.) by extensions ['colcon_meta']
[1.880s] Level 1:colcon.colcon_core.package_identification:_identify(.) by extension 'colcon_meta'
[1.880s] Level 1:colcon.colcon_core.package_identification:_identify(.) by extensions ['ros']
[1.880s] Level 1:colcon.colcon_core.package_identification:_identify(.) by extension 'ros'
[1.899s] DEBUG:colcon.colcon_core.package_identification:Package '.' with type 'ros.ament_python' and name 'ros2_project_sc21ek2'
[1.899s] Level 1:colcon.colcon_core.package_discovery:discover_packages(recursive) using defaults
[1.899s] Level 1:colcon.colcon_core.package_discovery:discover_packages(ignore) discover
[1.899s] Level 1:colcon.colcon_core.package_discovery:discover_packages(ignore) using defaults
[1.900s] Level 1:colcon.colcon_core.package_discovery:discover_packages(path) discover
[1.900s] Level 1:colcon.colcon_core.package_discovery:discover_packages(path) using defaults
[2.070s] Level 1:colcon.colcon_core.package_discovery:discover_packages(prefix_path) check parameters
[2.070s] Level 1:colcon.colcon_core.package_discovery:discover_packages(prefix_path) discover
[2.163s] DEBUG:colcon.colcon_installed_package_information.package_discovery:Found 9 installed packages in /uolstore/home/users/sc21ek2/ros2_ws/install
[2.189s] DEBUG:colcon.colcon_installed_package_information.package_discovery:Found 383 installed packages in /opt/ros/humble
[2.204s] Level 1:colcon.colcon_core.package_discovery:discover_packages(prefix_path) using defaults
[2.371s] Level 5:colcon.colcon_core.verb:set package 'ros2_project_sc21ek2' build argument 'cmake_args' from command line to 'None'
[2.371s] Level 5:colcon.colcon_core.verb:set package 'ros2_project_sc21ek2' build argument 'cmake_target' from command line to 'None'
[2.371s] Level 5:colcon.colcon_core.verb:set package 'ros2_project_sc21ek2' build argument 'cmake_target_skip_unavailable' from command line to 'False'
[2.371s] Level 5:colcon.colcon_core.verb:set package 'ros2_project_sc21ek2' build argument 'cmake_clean_cache' from command line to 'False'
[2.372s] Level 5:colcon.colcon_core.verb:set package 'ros2_project_sc21ek2' build argument 'cmake_clean_first' from command line to 'False'
[2.372s] Level 5:colcon.colcon_core.verb:set package 'ros2_project_sc21ek2' build argument 'cmake_force_configure' from command line to 'False'
[2.372s] Level 5:colcon.colcon_core.verb:set package 'ros2_project_sc21ek2' build argument 'ament_cmake_args' from command line to 'None'
[2.372s] Level 5:colcon.colcon_core.verb:set package 'ros2_project_sc21ek2' build argument 'catkin_cmake_args' from command line to 'None'
[2.372s] Level 5:colcon.colcon_core.verb:set package 'ros2_project_sc21ek2' build argument 'catkin_skip_building_tests' from command line to 'False'
[2.372s] DEBUG:colcon.colcon_core.verb:Building package 'ros2_project_sc21ek2' with the following arguments: {'ament_cmake_args': None, 'build_base': '/uolstore/home/users/sc21ek2/ros2_ws/src/ros2_project_sc21ek2/build/ros2_project_sc21ek2', 'catkin_cmake_args': None, 'catkin_skip_building_tests': False, 'cmake_args': None, 'cmake_clean_cache': False, 'cmake_clean_first': False, 'cmake_force_configure': False, 'cmake_target': None, 'cmake_target_skip_unavailable': False, 'install_base': '/uolstore/home/users/sc21ek2/ros2_ws/src/ros2_project_sc21ek2/install/ros2_project_sc21ek2', 'merge_install': False, 'path': '/uolstore/home/users/sc21ek2/ros2_ws/src/ros2_project_sc21ek2', 'symlink_install': False, 'test_result_base': None}
[2.398s] INFO:colcon.colcon_core.executor:Executing jobs using 'parallel' executor
[2.426s] DEBUG:colcon.colcon_parallel_executor.executor.parallel:run_until_complete
[2.426s] INFO:colcon.colcon_ros.task.ament_python.build:Building ROS package in '/uolstore/home/users/sc21ek2/ros2_ws/src/ros2_project_sc21ek2' with build type 'ament_python'
[2.427s] Level 1:colcon.colcon_core.shell:create_environment_hook('ros2_project_sc21ek2', 'ament_prefix_path')
[2.457s] INFO:colcon.colcon_core.plugin_system:Skipping extension 'colcon_core.shell.bat': Not used on non-Windows systems
[2.457s] INFO:colcon.colcon_core.shell:Creating environment hook '/uolstore/home/users/sc21ek2/ros2_ws/src/ros2_project_sc21ek2/install/ros2_project_sc21ek2/share/ros2_project_sc21ek2/hook/ament_prefix_path.ps1'
[2.466s] INFO:colcon.colcon_core.shell:Creating environment descriptor '/uolstore/home/users/sc21ek2/ros2_ws/src/ros2_project_sc21ek2/install/ros2_project_sc21ek2/share/ros2_project_sc21ek2/hook/ament_prefix_path.dsv'
[2.470s] INFO:colcon.colcon_core.shell:Creating environment hook '/uolstore/home/users/sc21ek2/ros2_ws/src/ros2_project_sc21ek2/install/ros2_project_sc21ek2/share/ros2_project_sc21ek2/hook/ament_prefix_path.sh'
[2.499s] INFO:colcon.colcon_core.shell:Skip shell extension 'powershell' for command environment: Not usable outside of PowerShell
[2.499s] DEBUG:colcon.colcon_core.shell:Skip shell extension 'dsv' for command environment
[2.981s] INFO:colcon.colcon_core.task.python.build:Building Python package in '/uolstore/home/users/sc21ek2/ros2_ws/src/ros2_project_sc21ek2'
[3.006s] INFO:colcon.colcon_core.shell:Skip shell extension 'powershell' for command environment: Not usable outside of PowerShell
[3.006s] DEBUG:colcon.colcon_core.shell:Skip shell extension 'dsv' for command environment
[3.705s] DEBUG:colcon.colcon_core.event_handler.log_command:Invoking command in '/uolstore/home/users/sc21ek2/ros2_ws/src/ros2_project_sc21ek2': PS1=[COMP3631] Singularity> \w $ PYTHONPATH=/uolstore/home/users/sc21ek2/ros2_ws/src/ros2_project_sc21ek2/build/ros2_project_sc21ek2/prefix_override:/uolstore/home/users/sc21ek2/ros2_ws/src/ros2_project_sc21ek2/install/ros2_project_sc21ek2/lib/python3.10/site-packages:${PYTHONPATH} /usr/bin/python3 setup.py egg_info --egg-base build/ros2_project_sc21ek2 build --build-base /uolstore/home/users/sc21ek2/ros2_ws/src/ros2_project_sc21ek2/build/ros2_project_sc21ek2/build install --record /uolstore/home/users/sc21ek2/ros2_ws/src/ros2_project_sc21ek2/build/ros2_project_sc21ek2/install.log --single-version-externally-managed
[4.369s] DEBUG:colcon.colcon_core.event_handler.log_command:Invoked command in '/uolstore/home/users/sc21ek2/ros2_ws/src/ros2_project_sc21ek2' returned '0': PS1=[COMP3631] Singularity> \w $ PYTHONPATH=/uolstore/home/users/sc21ek2/ros2_ws/src/ros2_project_sc21ek2/build/ros2_project_sc21ek2/prefix_override:/uolstore/home/users/sc21ek2/ros2_ws/src/ros2_project_sc21ek2/install/ros2_project_sc21ek2/lib/python3.10/site-packages:${PYTHONPATH} /usr/bin/python3 setup.py egg_info --egg-base build/ros2_project_sc21ek2 build --build-base /uolstore/home/users/sc21ek2/ros2_ws/src/ros2_project_sc21ek2/build/ros2_project_sc21ek2/build install --record /uolstore/home/users/sc21ek2/ros2_ws/src/ros2_project_sc21ek2/build/ros2_project_sc21ek2/install.log --single-version-externally-managed
[4.400s] Level 1:colcon.colcon_core.environment:checking '/uolstore/home/users/sc21ek2/ros2_ws/src/ros2_project_sc21ek2/install/ros2_project_sc21ek2' for CMake module files
[4.410s] Level 1:colcon.colcon_core.environment:checking '/uolstore/home/users/sc21ek2/ros2_ws/src/ros2_project_sc21ek2/install/ros2_project_sc21ek2' for CMake config files
[4.425s] Level 1:colcon.colcon_core.environment:checking '/uolstore/home/users/sc21ek2/ros2_ws/src/ros2_project_sc21ek2/install/ros2_project_sc21ek2/lib'
[4.425s] Level 1:colcon.colcon_core.environment:checking '/uolstore/home/users/sc21ek2/ros2_ws/src/ros2_project_sc21ek2/install/ros2_project_sc21ek2/bin'
[4.426s] Level 1:colcon.colcon_core.environment:checking '/uolstore/home/users/sc21ek2/ros2_ws/src/ros2_project_sc21ek2/install/ros2_project_sc21ek2/lib/pkgconfig/ros2_project_sc21ek2.pc'
[4.427s] Level 1:colcon.colcon_core.environment:checking '/uolstore/home/users/sc21ek2/ros2_ws/src/ros2_project_sc21ek2/install/ros2_project_sc21ek2/lib/python3.10/site-packages'
[4.427s] Level 1:colcon.colcon_core.shell:create_environment_hook('ros2_project_sc21ek2', 'pythonpath')
[4.453s] INFO:colcon.colcon_core.shell:Creating environment hook '/uolstore/home/users/sc21ek2/ros2_ws/src/ros2_project_sc21ek2/install/ros2_project_sc21ek2/share/ros2_project_sc21ek2/hook/pythonpath.ps1'
[4.457s] INFO:colcon.colcon_core.shell:Creating environment descriptor '/uolstore/home/users/sc21ek2/ros2_ws/src/ros2_project_sc21ek2/install/ros2_project_sc21ek2/share/ros2_project_sc21ek2/hook/pythonpath.dsv'
[4.460s] INFO:colcon.colcon_core.shell:Creating environment hook '/uolstore/home/users/sc21ek2/ros2_ws/src/ros2_project_sc21ek2/install/ros2_project_sc21ek2/share/ros2_project_sc21ek2/hook/pythonpath.sh'
[4.463s] Level 1:colcon.colcon_core.environment:checking '/uolstore/home/users/sc21ek2/ros2_ws/src/ros2_project_sc21ek2/install/ros2_project_sc21ek2/bin'
[4.463s] Level 1:colcon.colcon_core.environment:create_environment_scripts_only(ros2_project_sc21ek2)
[4.495s] INFO:colcon.colcon_core.shell:Creating package script '/uolstore/home/users/sc21ek2/ros2_ws/src/ros2_project_sc21ek2/install/ros2_project_sc21ek2/share/ros2_project_sc21ek2/package.ps1'
[4.508s] INFO:colcon.colcon_core.shell:Creating package descriptor '/uolstore/home/users/sc21ek2/ros2_ws/src/ros2_project_sc21ek2/install/ros2_project_sc21ek2/share/ros2_project_sc21ek2/package.dsv'
[4.534s] INFO:colcon.colcon_core.shell:Creating package script '/uolstore/home/users/sc21ek2/ros2_ws/src/ros2_project_sc21ek2/install/ros2_project_sc21ek2/share/ros2_project_sc21ek2/package.sh'
[4.547s] INFO:colcon.colcon_core.shell:Creating package script '/uolstore/home/users/sc21ek2/ros2_ws/src/ros2_project_sc21ek2/install/ros2_project_sc21ek2/share/ros2_project_sc21ek2/package.bash'
[4.563s] INFO:colcon.colcon_core.shell:Creating package script '/uolstore/home/users/sc21ek2/ros2_ws/src/ros2_project_sc21ek2/install/ros2_project_sc21ek2/share/ros2_project_sc21ek2/package.zsh'
[4.580s] Level 1:colcon.colcon_core.environment:create_file_with_runtime_dependencies(/uolstore/home/users/sc21ek2/ros2_ws/src/ros2_project_sc21ek2/install/ros2_project_sc21ek2/share/colcon-core/packages/ros2_project_sc21ek2)
[4.594s] DEBUG:colcon.colcon_parallel_executor.executor.parallel:closing loop
[4.595s] DEBUG:colcon.colcon_parallel_executor.executor.parallel:loop closed
[4.595s] DEBUG:colcon.colcon_parallel_executor.executor.parallel:run_until_complete finished with '0'
[4.595s] DEBUG:colcon.colcon_core.event_reactor:joining thread
[4.689s] INFO:colcon.colcon_core.plugin_system:Skipping extension 'colcon_notification.desktop_notification.notify_send': Could not find 'notify-send'
[4.690s] INFO:colcon.colcon_core.plugin_system:Skipping extension 'colcon_notification.desktop_notification.terminal_notifier': Not used on non-Darwin systems
[4.690s] INFO:colcon.colcon_core.plugin_system:Skipping extension 'colcon_notification.desktop_notification.win32': Not used on non-Windows systems
[4.690s] INFO:colcon.colcon_notification.desktop_notification:Sending desktop notification using 'notify2'
[4.713s] DEBUG:colcon.colcon_core.event_reactor:joined thread
[4.741s] INFO:colcon.colcon_core.shell:Creating prefix script '/uolstore/home/users/sc21ek2/ros2_ws/src/ros2_project_sc21ek2/install/local_setup.ps1'
[4.750s] INFO:colcon.colcon_core.shell:Creating prefix util module '/uolstore/home/users/sc21ek2/ros2_ws/src/ros2_project_sc21ek2/install/_local_setup_util_ps1.py'
[4.757s] INFO:colcon.colcon_core.shell:Creating prefix chain script '/uolstore/home/users/sc21ek2/ros2_ws/src/ros2_project_sc21ek2/install/setup.ps1'
[4.806s] INFO:colcon.colcon_core.shell:Creating prefix script '/uolstore/home/users/sc21ek2/ros2_ws/src/ros2_project_sc21ek2/install/local_setup.sh'
[4.810s] INFO:colcon.colcon_core.shell:Creating prefix util module '/uolstore/home/users/sc21ek2/ros2_ws/src/ros2_project_sc21ek2/install/_local_setup_util_sh.py'
[4.813s] INFO:colcon.colcon_core.shell:Creating prefix chain script '/uolstore/home/users/sc21ek2/ros2_ws/src/ros2_project_sc21ek2/install/setup.sh'
[4.862s] INFO:colcon.colcon_core.shell:Creating prefix script '/uolstore/home/users/sc21ek2/ros2_ws/src/ros2_project_sc21ek2/install/local_setup.bash'
[4.866s] INFO:colcon.colcon_core.shell:Creating prefix chain script '/uolstore/home/users/sc21ek2/ros2_ws/src/ros2_project_sc21ek2/install/setup.bash'
[4.916s] INFO:colcon.colcon_core.shell:Creating prefix script '/uolstore/home/users/sc21ek2/ros2_ws/src/ros2_project_sc21ek2/install/local_setup.zsh'
[4.921s] INFO:colcon.colcon_core.shell:Creating prefix chain script '/uolstore/home/users/sc21ek2/ros2_ws/src/ros2_project_sc21ek2/install/setup.zsh'
