[0.947s] Invoking command in '/uolstore/home/student_lnxhome01/sc21ek2/ros2_ws/src/ros2_project_sc21ek2': PS1=[COMP3631] Singularity> \w $ PYTHONPATH=/uolstore/home/student_lnxhome01/sc21ek2/ros2_ws/src/ros2_project_sc21ek2/build/ros2_project_sc21ek2/prefix_override:/uolstore/home/student_lnxhome01/sc21ek2/ros2_ws/src/ros2_project_sc21ek2/install/ros2_project_sc21ek2/lib/python3.10/site-packages:${PYTHONPATH} /usr/bin/python3 setup.py egg_info --egg-base build/ros2_project_sc21ek2 build --build-base /uolstore/home/student_lnxhome01/sc21ek2/ros2_ws/src/ros2_project_sc21ek2/build/ros2_project_sc21ek2/build install --record /uolstore/home/student_lnxhome01/sc21ek2/ros2_ws/src/ros2_project_sc21ek2/build/ros2_project_sc21ek2/install.log --single-version-externally-managed
[1.223s] running egg_info
[1.224s] writing build/ros2_project_sc21ek2/ros2_project_sc21ek2.egg-info/PKG-INFO
[1.228s] writing dependency_links to build/ros2_project_sc21ek2/ros2_project_sc21ek2.egg-info/dependency_links.txt
[1.231s] writing entry points to build/ros2_project_sc21ek2/ros2_project_sc21ek2.egg-info/entry_points.txt
[1.233s] writing requirements to build/ros2_project_sc21ek2/ros2_project_sc21ek2.egg-info/requires.txt
[1.235s] writing top-level names to build/ros2_project_sc21ek2/ros2_project_sc21ek2.egg-info/top_level.txt
[1.242s] reading manifest file 'build/ros2_project_sc21ek2/ros2_project_sc21ek2.egg-info/SOURCES.txt'
[1.244s] writing manifest file 'build/ros2_project_sc21ek2/ros2_project_sc21ek2.egg-info/SOURCES.txt'
[1.246s] running build
[1.247s] running build_py
[1.248s] copying ros2_project_sc21ek2/final_project.py -> /uolstore/home/student_lnxhome01/sc21ek2/ros2_ws/src/ros2_project_sc21ek2/build/ros2_project_sc21ek2/build/lib/ros2_project_sc21ek2
[1.252s] running install
[1.252s] running install_lib
[1.254s] copying /uolstore/home/student_lnxhome01/sc21ek2/ros2_ws/src/ros2_project_sc21ek2/build/ros2_project_sc21ek2/build/lib/ros2_project_sc21ek2/final_project.py -> /uolstore/home/student_lnxhome01/sc21ek2/ros2_ws/src/ros2_project_sc21ek2/install/ros2_project_sc21ek2/lib/python3.10/site-packages/ros2_project_sc21ek2
[1.260s] byte-compiling /uolstore/home/student_lnxhome01/sc21ek2/ros2_ws/src/ros2_project_sc21ek2/install/ros2_project_sc21ek2/lib/python3.10/site-packages/ros2_project_sc21ek2/final_project.py to final_project.cpython-310.pyc
[1.266s] running install_data
[1.267s] running install_egg_info
[1.268s] removing '/uolstore/home/student_lnxhome01/sc21ek2/ros2_ws/src/ros2_project_sc21ek2/install/ros2_project_sc21ek2/lib/python3.10/site-packages/ros2_project_sc21ek2-0.0.0-py3.10.egg-info' (and everything under it)
[1.275s] Copying build/ros2_project_sc21ek2/ros2_project_sc21ek2.egg-info to /uolstore/home/student_lnxhome01/sc21ek2/ros2_ws/src/ros2_project_sc21ek2/install/ros2_project_sc21ek2/lib/python3.10/site-packages/ros2_project_sc21ek2-0.0.0-py3.10.egg-info
[1.312s] running install_scripts
[1.330s] Installing final_project script to /uolstore/home/student_lnxhome01/sc21ek2/ros2_ws/src/ros2_project_sc21ek2/install/ros2_project_sc21ek2/lib/ros2_project_sc21ek2
[1.334s] writing list of installed files to '/uolstore/home/student_lnxhome01/sc21ek2/ros2_ws/src/ros2_project_sc21ek2/build/ros2_project_sc21ek2/install.log'
[1.351s] Invoked command in '/uolstore/home/student_lnxhome01/sc21ek2/ros2_ws/src/ros2_project_sc21ek2' returned '0': PS1=[COMP3631] Singularity> \w $ PYTHONPATH=/uolstore/home/student_lnxhome01/sc21ek2/ros2_ws/src/ros2_project_sc21ek2/build/ros2_project_sc21ek2/prefix_override:/uolstore/home/student_lnxhome01/sc21ek2/ros2_ws/src/ros2_project_sc21ek2/install/ros2_project_sc21ek2/lib/python3.10/site-packages:${PYTHONPATH} /usr/bin/python3 setup.py egg_info --egg-base build/ros2_project_sc21ek2 build --build-base /uolstore/home/student_lnxhome01/sc21ek2/ros2_ws/src/ros2_project_sc21ek2/build/ros2_project_sc21ek2/build install --record /uolstore/home/student_lnxhome01/sc21ek2/ros2_ws/src/ros2_project_sc21ek2/build/ros2_project_sc21ek2/install.log --single-version-externally-managed
