running egg_info
writing build/ros2_project_sc21ek2/ros2_project_sc21ek2.egg-info/PKG-INFO
writing dependency_links to build/ros2_project_sc21ek2/ros2_project_sc21ek2.egg-info/dependency_links.txt
writing entry points to build/ros2_project_sc21ek2/ros2_project_sc21ek2.egg-info/entry_points.txt
writing requirements to build/ros2_project_sc21ek2/ros2_project_sc21ek2.egg-info/requires.txt
writing top-level names to build/ros2_project_sc21ek2/ros2_project_sc21ek2.egg-info/top_level.txt
reading manifest file 'build/ros2_project_sc21ek2/ros2_project_sc21ek2.egg-info/SOURCES.txt'
writing manifest file 'build/ros2_project_sc21ek2/ros2_project_sc21ek2.egg-info/SOURCES.txt'
running build
running build_py
copying ros2_project_sc21ek2/ros2project.py -> /uolstore/home/users/sc21ek2/ros2_ws/src/ros2_project_sc21ek2/build/ros2_project_sc21ek2/build/lib/ros2_project_sc21ek2
running install
running install_lib
copying /uolstore/home/users/sc21ek2/ros2_ws/src/ros2_project_sc21ek2/build/ros2_project_sc21ek2/build/lib/ros2_project_sc21ek2/ros2project.py -> /uolstore/home/users/sc21ek2/ros2_ws/src/ros2_project_sc21ek2/install/ros2_project_sc21ek2/lib/python3.10/site-packages/ros2_project_sc21ek2
byte-compiling /uolstore/home/users/sc21ek2/ros2_ws/src/ros2_project_sc21ek2/install/ros2_project_sc21ek2/lib/python3.10/site-packages/ros2_project_sc21ek2/ros2project.py to ros2project.cpython-310.pyc
running install_data
running install_egg_info
removing '/uolstore/home/users/sc21ek2/ros2_ws/src/ros2_project_sc21ek2/install/ros2_project_sc21ek2/lib/python3.10/site-packages/ros2_project_sc21ek2-0.0.0-py3.10.egg-info' (and everything under it)
Copying build/ros2_project_sc21ek2/ros2_project_sc21ek2.egg-info to /uolstore/home/users/sc21ek2/ros2_ws/src/ros2_project_sc21ek2/install/ros2_project_sc21ek2/lib/python3.10/site-packages/ros2_project_sc21ek2-0.0.0-py3.10.egg-info
running install_scripts
Installing ros2_project script to /uolstore/home/users/sc21ek2/ros2_ws/src/ros2_project_sc21ek2/install/ros2_project_sc21ek2/lib/ros2_project_sc21ek2
writing list of installed files to '/uolstore/home/users/sc21ek2/ros2_ws/src/ros2_project_sc21ek2/build/ros2_project_sc21ek2/install.log'
