[1.278s] Invoking command in '/uolstore/home/users/sc21ek2/ros2_ws/src/ros2_project_sc21ek2': PS1=[COMP3631] Singularity> \w $ PYTHONPATH=/uolstore/home/users/sc21ek2/ros2_ws/src/ros2_project_sc21ek2/build/ros2_project_sc21ek2/prefix_override:/uolstore/home/users/sc21ek2/ros2_ws/src/ros2_project_sc21ek2/install/ros2_project_sc21ek2/lib/python3.10/site-packages:${PYTHONPATH} /usr/bin/python3 setup.py egg_info --egg-base build/ros2_project_sc21ek2 build --build-base /uolstore/home/users/sc21ek2/ros2_ws/src/ros2_project_sc21ek2/build/ros2_project_sc21ek2/build install --record /uolstore/home/users/sc21ek2/ros2_ws/src/ros2_project_sc21ek2/build/ros2_project_sc21ek2/install.log --single-version-externally-managed
[1.628s] running egg_info
[1.628s] creating build/ros2_project_sc21ek2/ros2_project_sc21ek2.egg-info
[1.630s] writing build/ros2_project_sc21ek2/ros2_project_sc21ek2.egg-info/PKG-INFO
[1.636s] writing dependency_links to build/ros2_project_sc21ek2/ros2_project_sc21ek2.egg-info/dependency_links.txt
[1.640s] writing entry points to build/ros2_project_sc21ek2/ros2_project_sc21ek2.egg-info/entry_points.txt
[1.643s] writing requirements to build/ros2_project_sc21ek2/ros2_project_sc21ek2.egg-info/requires.txt
[1.645s] writing top-level names to build/ros2_project_sc21ek2/ros2_project_sc21ek2.egg-info/top_level.txt
[1.649s] writing manifest file 'build/ros2_project_sc21ek2/ros2_project_sc21ek2.egg-info/SOURCES.txt'
[1.659s] reading manifest file 'build/ros2_project_sc21ek2/ros2_project_sc21ek2.egg-info/SOURCES.txt'
[1.662s] writing manifest file 'build/ros2_project_sc21ek2/ros2_project_sc21ek2.egg-info/SOURCES.txt'
[1.664s] running build
[1.664s] running build_py
[1.665s] creating /uolstore/home/users/sc21ek2/ros2_ws/src/ros2_project_sc21ek2/build/ros2_project_sc21ek2/build
[1.666s] creating /uolstore/home/users/sc21ek2/ros2_ws/src/ros2_project_sc21ek2/build/ros2_project_sc21ek2/build/lib
[1.667s] creating /uolstore/home/users/sc21ek2/ros2_ws/src/ros2_project_sc21ek2/build/ros2_project_sc21ek2/build/lib/ros2_project_sc21ek2
[1.670s] copying ros2_project_sc21ek2/__init__.py -> /uolstore/home/users/sc21ek2/ros2_ws/src/ros2_project_sc21ek2/build/ros2_project_sc21ek2/build/lib/ros2_project_sc21ek2
[1.675s] copying ros2_project_sc21ek2/first_step.py -> /uolstore/home/users/sc21ek2/ros2_ws/src/ros2_project_sc21ek2/build/ros2_project_sc21ek2/build/lib/ros2_project_sc21ek2
[1.680s] copying ros2_project_sc21ek2/fourth_step.py -> /uolstore/home/users/sc21ek2/ros2_ws/src/ros2_project_sc21ek2/build/ros2_project_sc21ek2/build/lib/ros2_project_sc21ek2
[1.685s] copying ros2_project_sc21ek2/second_step.py -> /uolstore/home/users/sc21ek2/ros2_ws/src/ros2_project_sc21ek2/build/ros2_project_sc21ek2/build/lib/ros2_project_sc21ek2
[1.690s] copying ros2_project_sc21ek2/third_step.py -> /uolstore/home/users/sc21ek2/ros2_ws/src/ros2_project_sc21ek2/build/ros2_project_sc21ek2/build/lib/ros2_project_sc21ek2
[1.694s] copying ros2_project_sc21ek2/ros2project.py -> /uolstore/home/users/sc21ek2/ros2_ws/src/ros2_project_sc21ek2/build/ros2_project_sc21ek2/build/lib/ros2_project_sc21ek2
[1.698s] running install
[1.698s] running install_lib
[1.703s] creating /uolstore/home/users/sc21ek2/ros2_ws/src/ros2_project_sc21ek2/install/ros2_project_sc21ek2/lib/python3.10/site-packages/ros2_project_sc21ek2
[1.704s] copying /uolstore/home/users/sc21ek2/ros2_ws/src/ros2_project_sc21ek2/build/ros2_project_sc21ek2/build/lib/ros2_project_sc21ek2/__init__.py -> /uolstore/home/users/sc21ek2/ros2_ws/src/ros2_project_sc21ek2/install/ros2_project_sc21ek2/lib/python3.10/site-packages/ros2_project_sc21ek2
[1.710s] copying /uolstore/home/users/sc21ek2/ros2_ws/src/ros2_project_sc21ek2/build/ros2_project_sc21ek2/build/lib/ros2_project_sc21ek2/first_step.py -> /uolstore/home/users/sc21ek2/ros2_ws/src/ros2_project_sc21ek2/install/ros2_project_sc21ek2/lib/python3.10/site-packages/ros2_project_sc21ek2
[1.716s] copying /uolstore/home/users/sc21ek2/ros2_ws/src/ros2_project_sc21ek2/build/ros2_project_sc21ek2/build/lib/ros2_project_sc21ek2/fourth_step.py -> /uolstore/home/users/sc21ek2/ros2_ws/src/ros2_project_sc21ek2/install/ros2_project_sc21ek2/lib/python3.10/site-packages/ros2_project_sc21ek2
[1.723s] copying /uolstore/home/users/sc21ek2/ros2_ws/src/ros2_project_sc21ek2/build/ros2_project_sc21ek2/build/lib/ros2_project_sc21ek2/second_step.py -> /uolstore/home/users/sc21ek2/ros2_ws/src/ros2_project_sc21ek2/install/ros2_project_sc21ek2/lib/python3.10/site-packages/ros2_project_sc21ek2
[1.729s] copying /uolstore/home/users/sc21ek2/ros2_ws/src/ros2_project_sc21ek2/build/ros2_project_sc21ek2/build/lib/ros2_project_sc21ek2/third_step.py -> /uolstore/home/users/sc21ek2/ros2_ws/src/ros2_project_sc21ek2/install/ros2_project_sc21ek2/lib/python3.10/site-packages/ros2_project_sc21ek2
[1.736s] copying /uolstore/home/users/sc21ek2/ros2_ws/src/ros2_project_sc21ek2/build/ros2_project_sc21ek2/build/lib/ros2_project_sc21ek2/ros2project.py -> /uolstore/home/users/sc21ek2/ros2_ws/src/ros2_project_sc21ek2/install/ros2_project_sc21ek2/lib/python3.10/site-packages/ros2_project_sc21ek2
[1.743s] byte-compiling /uolstore/home/users/sc21ek2/ros2_ws/src/ros2_project_sc21ek2/install/ros2_project_sc21ek2/lib/python3.10/site-packages/ros2_project_sc21ek2/__init__.py to __init__.cpython-310.pyc
[1.750s] byte-compiling /uolstore/home/users/sc21ek2/ros2_ws/src/ros2_project_sc21ek2/install/ros2_project_sc21ek2/lib/python3.10/site-packages/ros2_project_sc21ek2/first_step.py to first_step.cpython-310.pyc
[1.758s] byte-compiling /uolstore/home/users/sc21ek2/ros2_ws/src/ros2_project_sc21ek2/install/ros2_project_sc21ek2/lib/python3.10/site-packages/ros2_project_sc21ek2/fourth_step.py to fourth_step.cpython-310.pyc
[1.767s] byte-compiling /uolstore/home/users/sc21ek2/ros2_ws/src/ros2_project_sc21ek2/install/ros2_project_sc21ek2/lib/python3.10/site-packages/ros2_project_sc21ek2/second_step.py to second_step.cpython-310.pyc
[1.775s] byte-compiling /uolstore/home/users/sc21ek2/ros2_ws/src/ros2_project_sc21ek2/install/ros2_project_sc21ek2/lib/python3.10/site-packages/ros2_project_sc21ek2/third_step.py to third_step.cpython-310.pyc
[1.783s] byte-compiling /uolstore/home/users/sc21ek2/ros2_ws/src/ros2_project_sc21ek2/install/ros2_project_sc21ek2/lib/python3.10/site-packages/ros2_project_sc21ek2/ros2project.py to ros2project.cpython-310.pyc
[1.788s] running install_data
[1.789s] creating /uolstore/home/users/sc21ek2/ros2_ws/src/ros2_project_sc21ek2/install/ros2_project_sc21ek2/share/ament_index
[1.791s] creating /uolstore/home/users/sc21ek2/ros2_ws/src/ros2_project_sc21ek2/install/ros2_project_sc21ek2/share/ament_index/resource_index
[1.792s] creating /uolstore/home/users/sc21ek2/ros2_ws/src/ros2_project_sc21ek2/install/ros2_project_sc21ek2/share/ament_index/resource_index/packages
[1.793s] copying resource/ros2_project_sc21ek2 -> /uolstore/home/users/sc21ek2/ros2_ws/src/ros2_project_sc21ek2/install/ros2_project_sc21ek2/share/ament_index/resource_index/packages
[1.799s] copying package.xml -> /uolstore/home/users/sc21ek2/ros2_ws/src/ros2_project_sc21ek2/install/ros2_project_sc21ek2/share/ros2_project_sc21ek2
[1.804s] running install_egg_info
[1.807s] Copying build/ros2_project_sc21ek2/ros2_project_sc21ek2.egg-info to /uolstore/home/users/sc21ek2/ros2_ws/src/ros2_project_sc21ek2/install/ros2_project_sc21ek2/lib/python3.10/site-packages/ros2_project_sc21ek2-0.0.0-py3.10.egg-info
[1.867s] running install_scripts
[1.891s] Installing first_step script to /uolstore/home/users/sc21ek2/ros2_ws/src/ros2_project_sc21ek2/install/ros2_project_sc21ek2/lib/ros2_project_sc21ek2
[1.895s] Installing fourth_step script to /uolstore/home/users/sc21ek2/ros2_ws/src/ros2_project_sc21ek2/install/ros2_project_sc21ek2/lib/ros2_project_sc21ek2
[1.900s] Installing second_step script to /uolstore/home/users/sc21ek2/ros2_ws/src/ros2_project_sc21ek2/install/ros2_project_sc21ek2/lib/ros2_project_sc21ek2
[1.903s] Installing third_step script to /uolstore/home/users/sc21ek2/ros2_ws/src/ros2_project_sc21ek2/install/ros2_project_sc21ek2/lib/ros2_project_sc21ek2
[1.907s] writing list of installed files to '/uolstore/home/users/sc21ek2/ros2_ws/src/ros2_project_sc21ek2/build/ros2_project_sc21ek2/install.log'
[1.941s] Invoked command in '/uolstore/home/users/sc21ek2/ros2_ws/src/ros2_project_sc21ek2' returned '0': PS1=[COMP3631] Singularity> \w $ PYTHONPATH=/uolstore/home/users/sc21ek2/ros2_ws/src/ros2_project_sc21ek2/build/ros2_project_sc21ek2/prefix_override:/uolstore/home/users/sc21ek2/ros2_ws/src/ros2_project_sc21ek2/install/ros2_project_sc21ek2/lib/python3.10/site-packages:${PYTHONPATH} /usr/bin/python3 setup.py egg_info --egg-base build/ros2_project_sc21ek2 build --build-base /uolstore/home/users/sc21ek2/ros2_ws/src/ros2_project_sc21ek2/build/ros2_project_sc21ek2/build install --record /uolstore/home/users/sc21ek2/ros2_ws/src/ros2_project_sc21ek2/build/ros2_project_sc21ek2/install.log --single-version-externally-managed
